This is pdfeTeX, Version 3.141592-1.30.6-2.2 (MiKTeX 2.5) (preloaded format=pdflatex 2007.1.22)  22 JAN 2007 16:20
entering extended mode
**PolarTransform.tex
(PolarTransform.tex
LaTeX2e <2005/12/01>
Babel <v3.8g> and hyphenation patterns for english, dumylang, nohyphenation, ge
rman, ngerman, french, loaded.
(InsightArticle.cls
Document Class: InsightArticle 1998/02/25 Document class (Insight Article)
(times.sty
Package: times 2002/09/08 PSNFSS-v9.0a (SPQR) 
)
Using Times instead of Computer Modern.
("C:\Program Files\MiKTeX 2.5\tex\latex\base\article.cls"
Document Class: article 2005/09/16 v1.4f Standard LaTeX document class
("C:\Program Files\MiKTeX 2.5\tex\latex\base\size11.clo"
File: size11.clo 2005/09/16 v1.4f Standard LaTeX file (size option)
)
\c@part=\count79
\c@section=\count80
\c@subsection=\count81
\c@subsubsection=\count82
\c@paragraph=\count83
\c@subparagraph=\count84
\c@figure=\count85
\c@table=\count86
\abovecaptionskip=\skip41
\belowcaptionskip=\skip42
\bibindent=\dimen102
) (fancyhdr.sty
\headwidth=\dimen103
)
Using fancier footers than usual.
("C:\Program Files\MiKTeX 2.5\tex\generic\oberdiek\ifpdf.sty"
Package: ifpdf 2006/02/20 v1.4 Provides the ifpdf switch (HO)
Package ifpdf Info: pdfTeX in pdf mode detected.
)
Using ifpdf for the template
(InsightJournal.sty
Package: InsightJournal 1998/01/11 LaTeX package (Insight markup)
 ("C:\Program Files\MiKTeX 2.5\tex\latex\tools\longtable.sty"
Package: longtable 2004/02/01 v4.11 Multi-page Table package (DPC)
\LTleft=\skip43
\LTright=\skip44
\LTpre=\skip45
\LTpost=\skip46
\LTchunksize=\count87
\LTcapwidth=\dimen104
\LT@head=\box26
\LT@firsthead=\box27
\LT@foot=\box28
\LT@lastfoot=\box29
\LT@cols=\count88
\LT@rows=\count89
\c@LT@tables=\count90
\c@LT@chunks=\count91
\LT@p@ftn=\toks14
) ("C:\Program Files\MiKTeX 2.5\tex\latex\graphics\graphics.sty"
Package: graphics 2006/02/20 v1.0o Standard LaTeX Graphics (DPC,SPQR)

("C:\Program Files\MiKTeX 2.5\tex\latex\graphics\trig.sty"
Package: trig 1999/03/16 v1.09 sin cos tan (DPC)
)
("C:\Program Files\MiKTeX 2.5\tex\latex\00miktex\graphics.cfg"
File: graphics.cfg 2005/12/29 v1.2 MiKTeX 'graphics' configuration
)
Package graphics Info: Driver file: pdftex.def on input line 90.

("C:\Program Files\MiKTeX 2.5\tex\latex\graphics\pdftex.def"
File: pdftex.def 2006/08/14 v0.03t Graphics/color for pdfTeX
\Gread@gobject=\count92
))
("C:\Program Files\MiKTeX 2.5\tex\latex\picins\picins.sty"
Option `picins' Version 3.0 Sep. 1992, TH Darmstadt/HRZ
\@BILD=\box30
\@TEXT=\box31
\d@breite=\dimen105
\d@hoehe=\dimen106
\d@xoff=\dimen107
\d@yoff=\dimen108
\d@shad=\dimen109
\d@dash=\dimen110
\d@boxl=\dimen111
\d@pichskip=\dimen112
\d@tmp=\dimen113
\d@tmpa=\dimen114
\d@bskip=\dimen115
\hsiz@=\dimen116
\p@getot@l=\dimen117
\c@breite=\count93
\c@hoehe=\count94
\c@xoff=\count95
\c@yoff=\count96
\c@pos=\count97
\c@shad=\count98
\c@dash=\count99
\c@boxl=\count100
\c@zeilen=\count101
\@changemode=\count102
\c@piccaption=\count103
\c@piccaptionpos=\count104
\c@picpos=\count105
\c@whole=\count106
\c@half=\count107
\c@tmp=\count108
\c@tmpa=\count109
\c@tmpb=\count110
\c@tmpc=\count111
\c@tmpd=\count112
\d@leftskip=\skip47
\ptoti=\dimen118
\ptotii=\dimen119
\env@box=\box32
\d@envdp=\dimen120
\c@hsize=\count113
\c@envdp=\count114
\d@envb=\dimen121
) (floatflt.sty
Package: floatflt 1997/07/16 v. 1.31
\c@OptionTest=\count115
\figbox=\box33
\tabbox=\box34
\pagebox=\box35
\ffigcount=\count116
\ftabcount=\count117
\fftest=\count118
\hangcount=\count119
\nosuccesstryfig=\count120
\nosuccesstrytab=\count121
\figgutter=\dimen122
\tabgutter=\dimen123
\htdone=\dimen124
\pageht=\dimen125
\startpageht=\dimen126
\tabbredd=\dimen127
\floatfltwidth=\dimen128
\fltitemwidth=\dimen129
\outputpretest=\toks15
)
("C:\Program Files\MiKTeX 2.5\tex\latex\ltxmisc\url.sty"
\Urlmuskip=\muskip10
Package: url 2005/06/27  ver 3.2  Verb mode for urls, etc.
)
("C:\Program Files\MiKTeX 2.5\tex\latex\amsmath\amsmath.sty"
Package: amsmath 2000/07/18 v2.13 AMS math features
\@mathmargin=\skip48

For additional information on amsmath, use the `?' option.
("C:\Program Files\MiKTeX 2.5\tex\latex\amsmath\amstext.sty"
Package: amstext 2000/06/29 v2.01

("C:\Program Files\MiKTeX 2.5\tex\latex\amsmath\amsgen.sty"
File: amsgen.sty 1999/11/30 v2.0
\@emptytoks=\toks16
\ex@=\dimen130
))
("C:\Program Files\MiKTeX 2.5\tex\latex\amsmath\amsbsy.sty"
Package: amsbsy 1999/11/29 v1.2d
\pmbraise@=\dimen131
)
("C:\Program Files\MiKTeX 2.5\tex\latex\amsmath\amsopn.sty"
Package: amsopn 1999/12/14 v2.01 operator names
)
\inf@bad=\count122
LaTeX Info: Redefining \frac on input line 211.
\uproot@=\count123
\leftroot@=\count124
LaTeX Info: Redefining \overline on input line 307.
\classnum@=\count125
\DOTSCASE@=\count126
LaTeX Info: Redefining \ldots on input line 379.
LaTeX Info: Redefining \dots on input line 382.
LaTeX Info: Redefining \cdots on input line 467.
\Mathstrutbox@=\box36
\strutbox@=\box37
\big@size=\dimen132
LaTeX Font Info:    Redeclaring font encoding OML on input line 567.
LaTeX Font Info:    Redeclaring font encoding OMS on input line 568.
\macc@depth=\count127
\c@MaxMatrixCols=\count128
\dotsspace@=\muskip11
\c@parentequation=\count129
\dspbrk@lvl=\count130
\tag@help=\toks17
\row@=\count131
\column@=\count132
\maxfields@=\count133
\andhelp@=\toks18
\eqnshift@=\dimen133
\alignsep@=\dimen134
\tagshift@=\dimen135
\tagwidth@=\dimen136
\totwidth@=\dimen137
\lineht@=\dimen138
\@envbody=\toks19
\multlinegap=\skip49
\multlinetaggap=\skip50
\mathdisplay@stack=\toks20
LaTeX Info: Redefining \[ on input line 2666.
LaTeX Info: Redefining \] on input line 2667.
)
("C:\Program Files\MiKTeX 2.5\tex\latex\pslatex\pslatex.sty"
Package: pslatex 1996/07/24 v1.2 pslatex emulation (DPC)
LaTeX Font Info:    Redeclaring symbol font `operators' on input line 65.
LaTeX Font Info:    Overwriting symbol font `operators' in version `normal'
(Font)                  OT1/cmr/m/n --> OT1/ptmcm/m/n on input line 65.
LaTeX Font Info:    Overwriting symbol font `operators' in version `bold'
(Font)                  OT1/cmr/bx/n --> OT1/ptmcm/m/n on input line 65.
LaTeX Font Info:    Redeclaring symbol font `letters' on input line 66.
LaTeX Font Info:    Overwriting symbol font `letters' in version `normal'
(Font)                  OML/cmm/m/it --> OML/ptmcm/m/it on input line 66.
LaTeX Font Info:    Overwriting symbol font `letters' in version `bold'
(Font)                  OML/cmm/b/it --> OML/ptmcm/m/it on input line 66.
LaTeX Font Info:    Redeclaring symbol font `symbols' on input line 67.
LaTeX Font Info:    Overwriting symbol font `symbols' in version `normal'
(Font)                  OMS/cmsy/m/n --> OMS/pzccm/m/n on input line 67.
LaTeX Font Info:    Overwriting symbol font `symbols' in version `bold'
(Font)                  OMS/cmsy/b/n --> OMS/pzccm/m/n on input line 67.
LaTeX Font Info:    Redeclaring symbol font `largesymbols' on input line 68.
LaTeX Font Info:    Overwriting symbol font `largesymbols' in version `normal'
(Font)                  OMX/cmex/m/n --> OMX/psycm/m/n on input line 68.
LaTeX Font Info:    Overwriting symbol font `largesymbols' in version `bold'
(Font)                  OMX/cmex/m/n --> OMX/psycm/m/n on input line 68.
\symbold=\mathgroup4
\symitalic=\mathgroup5
LaTeX Font Info:    Redeclaring math alphabet \mathbf on input line 74.
LaTeX Font Info:    Overwriting math alphabet `\mathbf' in version `normal'
(Font)                  OT1/cmr/bx/n --> OT1/ptm/bx/n on input line 74.
LaTeX Font Info:    Overwriting math alphabet `\mathbf' in version `bold'
(Font)                  OT1/cmr/bx/n --> OT1/ptm/bx/n on input line 74.
LaTeX Font Info:    Redeclaring math alphabet \mathit on input line 75.
LaTeX Font Info:    Overwriting math alphabet `\mathit' in version `normal'
(Font)                  OT1/cmr/m/it --> OT1/ptm/m/it on input line 75.
LaTeX Font Info:    Overwriting math alphabet `\mathit' in version `bold'
(Font)                  OT1/cmr/bx/it --> OT1/ptm/m/it on input line 75.
)
("C:\Program Files\MiKTeX 2.5\tex\latex\tools\verbatim.sty"
Package: verbatim 2003/08/22 v1.5q LaTeX2e package for verbatim enhancements
\every@verbatim=\toks21
\verbatim@line=\toks22
\verbatim@in@stream=\read1
)
("C:\Program Files\MiKTeX 2.5\tex\plain\misc\pdfcolor.tex")
("C:\Program Files\MiKTeX 2.5\tex\latex\base\alltt.sty"
Package: alltt 1997/06/16 v2.0g defines alltt environment
)
\itk@ModSynopsisFile=\write3
))
("C:\Program Files\MiKTeX 2.5\tex\latex\hyperref\hyperref.sty"
Package: hyperref 2006/11/30 v6.75h Hypertext links for LaTeX

("C:\Program Files\MiKTeX 2.5\tex\latex\graphics\keyval.sty"
Package: keyval 1999/03/16 v1.13 key=value parser (DPC)
\KV@toks@=\toks23
)
\@linkdim=\dimen139
\Hy@linkcounter=\count134
\Hy@pagecounter=\count135

("C:\Program Files\MiKTeX 2.5\tex\latex\hyperref\pd1enc.def"
File: pd1enc.def 2006/11/30 v6.75h Hyperref: PDFDocEncoding definition (HO)
)
("C:\Program Files\MiKTeX 2.5\tex\latex\00miktex\hyperref.cfg"
File: hyperref.cfg 2006/02/14 v1.1 MiKTeX 'hyperref' configuration
)
("C:\Program Files\MiKTeX 2.5\tex\latex\oberdiek\kvoptions.sty"
Package: kvoptions 2006/08/22 v2.4 Connects package keyval with LaTeX options (
HO)
)
Package hyperref Info: Option `bookmarks' set `true' on input line 2195.
Package hyperref Info: Option `bookmarksopen' set `true' on input line 2195.
Package hyperref Info: Option `colorlinks' set `true' on input line 2195.
Package hyperref Info: Hyper figures OFF on input line 2245.
Package hyperref Info: Link nesting OFF on input line 2250.
Package hyperref Info: Hyper index ON on input line 2253.
Package hyperref Info: Plain pages OFF on input line 2260.
Package hyperref Info: Backreferencing ON on input line 2263.

Implicit mode ON; LaTeX internals redefined
Package hyperref Info: Bookmarks ON on input line 2395.
("C:\Program Files\MiKTeX 2.5\tex\latex\hyperref\backref.sty"
Package: backref 2006/10/06 v1.27 Bibliographical back referencing
)
LaTeX Info: Redefining \url on input line 2550.
\Fld@menulength=\count136
\Field@Width=\dimen140
\Fld@charsize=\dimen141
\Choice@toks=\toks24
\Field@toks=\toks25
Package hyperref Info: Hyper figures OFF on input line 3028.
Package hyperref Info: Link nesting OFF on input line 3033.
Package hyperref Info: Hyper index ON on input line 3036.
Package hyperref Info: backreferencing ON on input line 3041.
Package hyperref Info: Link coloring ON on input line 3046.
\Hy@abspage=\count137
\c@Item=\count138
\c@Hfootnote=\count139
)
*hyperref using driver hdvips*
("C:\Program Files\MiKTeX 2.5\tex\latex\hyperref\hdvips.def"
File: hdvips.def 2006/11/30 v6.75h Hyperref driver for dvips

("C:\Program Files\MiKTeX 2.5\tex\latex\hyperref\pdfmark.def"
File: pdfmark.def 2006/11/30 v6.75h Hyperref definitions for pdfmark specials
\pdf@docset=\toks26
\pdf@box=\box38
\pdf@toks=\toks27
\pdf@defaulttoks=\toks28
\Fld@listcount=\count140
))
("C:\Program Files\MiKTeX 2.5\tex\latex\graphics\graphicx.sty"
Package: graphicx 1999/02/16 v1.0f Enhanced LaTeX Graphics (DPC,SPQR)
\Gin@req@height=\dimen142
\Gin@req@width=\dimen143
)
("C:\Program Files\MiKTeX 2.5\tex\latex\listings\listings.sty"
\lst@mode=\count141
\lst@gtempboxa=\box39
\lst@token=\toks29
\lst@length=\count142
\lst@currlwidth=\dimen144
\lst@column=\count143
\lst@pos=\count144
\lst@lostspace=\dimen145
\lst@width=\dimen146
\lst@newlines=\count145
\lst@lineno=\count146
\c@lstlisting=\count147
\lst@maxwidth=\dimen147

("C:\Program Files\MiKTeX 2.5\tex\latex\listings\lstpatch.sty"
File: lstpatch.sty 2004/10/17 1.3b (Carsten Heinz)
)
("C:\Program Files\MiKTeX 2.5\tex\latex\listings\lstmisc.sty"
File: lstmisc.sty 2004/09/07 1.3 (Carsten Heinz)
\c@lstnumber=\count148
\lst@skipnumbers=\count149
\lst@framebox=\box40
)
("C:\Program Files\MiKTeX 2.5\tex\latex\listings\listings.cfg"
File: listings.cfg 2004/09/05 1.3 listings configuration
))
Package: listings 2004/10/17 1.3b (Carsten Heinz)

("C:\Program Files\MiKTeX 2.5\tex\latex\subfigure\subfigure.sty"
Package: subfigure 2002/07/30 v2.1.4 subfigure package
\subfigtopskip=\skip51
\subfigcapskip=\skip52
\subfigcaptopadj=\dimen148
\subfigbottomskip=\skip53
\subfigcapmargin=\dimen149
\subfiglabelskip=\skip54
\c@subfigure=\count150
\c@lofdepth=\count151
\c@subtable=\count152
\c@lotdepth=\count153

****************************************
* Local config file subfigure.cfg used *
****************************************
("C:\Program Files\MiKTeX 2.5\tex\latex\subfigure\subfigure.cfg")
\subfig@top=\skip55
\subfig@bottom=\skip56
)
(PolarTransform.aux)
LaTeX Font Info:    Checking defaults for OML/cmm/m/it on input line 25.
LaTeX Font Info:    ... okay on input line 25.
LaTeX Font Info:    Checking defaults for T1/cmr/m/n on input line 25.
LaTeX Font Info:    ... okay on input line 25.
LaTeX Font Info:    Checking defaults for OT1/cmr/m/n on input line 25.
LaTeX Font Info:    ... okay on input line 25.
LaTeX Font Info:    Checking defaults for OMS/pzccm/m/n on input line 25.
LaTeX Font Info:    Try loading font information for OMS+pzccm on input line 25
.
 ("C:\Program Files\MiKTeX 2.5\tex\latex\psnfss\omspzccm.fd"
File: omspzccm.fd 2000/01/03 Fontinst v1.801 font definitions for OMS/pzccm.
)
LaTeX Font Info:    ... okay on input line 25.
LaTeX Font Info:    Checking defaults for OMX/cmex/m/n on input line 25.
LaTeX Font Info:    ... okay on input line 25.
LaTeX Font Info:    Checking defaults for U/cmr/m/n on input line 25.
LaTeX Font Info:    ... okay on input line 25.
LaTeX Font Info:    Checking defaults for PD1/pdf/m/n on input line 25.
LaTeX Font Info:    ... okay on input line 25.
 ("C:\Program Files\MiKTeX 2.5\tex\context\base\supp-pdf.tex"
("C:\Program Files\MiKTeX 2.5\tex\context\base\supp-mis.tex"
loading : Context Support Macros / Miscellaneous (2004.10.26)
\protectiondepth=\count154
\scratchcounter=\count155
\scratchtoks=\toks30
\scratchdimen=\dimen150
\scratchskip=\skip57
\scratchmuskip=\muskip12
\scratchbox=\box41
\scratchread=\read2
\scratchwrite=\write4
\zeropoint=\dimen151
\onepoint=\dimen152
\onebasepoint=\dimen153
\minusone=\count156
\thousandpoint=\dimen154
\onerealpoint=\dimen155
\emptytoks=\toks31
\nextbox=\box42
\nextdepth=\dimen156
\everyline=\toks32
\!!counta=\count157
\!!countb=\count158
\recursecounter=\count159
)
loading : Context Support Macros / PDF (2004.03.26)
\nofMPsegments=\count160
\nofMParguments=\count161
\MPscratchCnt=\count162
\MPscratchDim=\dimen157
\MPnumerator=\count163
\everyMPtoPDFconversion=\toks33
) ("C:\Program Files\MiKTeX 2.5\tex\latex\graphics\color.sty"
Package: color 2005/11/14 v1.0j Standard LaTeX Color (DPC)

("C:\Program Files\MiKTeX 2.5\tex\latex\00miktex\color.cfg"
File: color.cfg 2005/12/29 v1.1 MiKTeX 'color' configuration
)
Package color Info: Driver file: pdftex.def on input line 130.
)
Package hyperref Info: Link coloring ON on input line 25.

("C:\Program Files\MiKTeX 2.5\tex\latex\hyperref\nameref.sty"
Package: nameref 2006/08/15 v2.26 Cross-referencing by name of section

("C:\Program Files\MiKTeX 2.5\tex\latex\oberdiek\refcount.sty"
Package: refcount 2006/02/20 v3.0 Data extraction from references (HO)
)
\c@section@level=\count164
)
LaTeX Info: Redefining \ref on input line 25.
LaTeX Info: Redefining \pageref on input line 25.

(PolarTransform.out) (PolarTransform.out)
\@outlinefile=\write5

Underfull \hbox (badness 10000) in paragraph at lines 27--27

 []

LaTeX Font Info:    Font shape `OT1/phv/m/n' will be
(Font)              scaled to size 22.39185pt on input line 27.
LaTeX Font Info:    Font shape `OT1/phv/m/it' in size <12> not available
(Font)              Font shape `OT1/phv/m/sl' tried instead on input line 27.
LaTeX Font Info:    Font shape `OT1/phv/m/sl' will be
(Font)              scaled to size 10.79993pt on input line 27.
LaTeX Font Info:    Font shape `OT1/phv/m/n' will be
(Font)              scaled to size 12.9599pt on input line 27.
LaTeX Font Info:    Try loading font information for OT1+ptmcm on input line 27
.
("C:\Program Files\MiKTeX 2.5\tex\latex\psnfss\ot1ptmcm.fd"
File: ot1ptmcm.fd 2000/01/03 Fontinst v1.801 font definitions for OT1/ptmcm.
)
LaTeX Font Info:    Try loading font information for OML+ptmcm on input line 27
.

("C:\Program Files\MiKTeX 2.5\tex\latex\psnfss\omlptmcm.fd"
File: omlptmcm.fd 2000/01/03 Fontinst v1.801 font definitions for OML/ptmcm.
)
LaTeX Font Info:    Try loading font information for OMX+psycm on input line 27
.

("C:\Program Files\MiKTeX 2.5\tex\latex\psnfss\omxpsycm.fd"
File: omxpsycm.fd 2000/01/03 Fontinst v1.801 font definitions for OMX/psycm.
)
LaTeX Font Info:    Font shape `OT1/ptm/bx/n' in size <14.4> not available
(Font)              Font shape `OT1/ptm/b/n' tried instead on input line 27.
LaTeX Font Info:    Font shape `OT1/ptm/bx/n' in size <10.95> not available
(Font)              Font shape `OT1/ptm/b/n' tried instead on input line 27.
LaTeX Font Info:    Font shape `OT1/ptm/bx/n' in size <8> not available
(Font)              Font shape `OT1/ptm/b/n' tried instead on input line 27.
LaTeX Font Info:    Font shape `OT1/ptm/bx/n' in size <6> not available
(Font)              Font shape `OT1/ptm/b/n' tried instead on input line 27.
LaTeX Font Info:    Font shape `OT1/ptm/bx/n' in size <10> not available
(Font)              Font shape `OT1/ptm/b/n' tried instead on input line 33.
LaTeX Font Info:    Font shape `OT1/ptm/bx/n' in size <7.4> not available
(Font)              Font shape `OT1/ptm/b/n' tried instead on input line 38.
 [1
Non-PDF special ignored!
Non-PDF special ignored!
Non-PDF special ignored!
Non-PDF special ignored!
Non-PDF special ignored!
Non-PDF special ignored!


Non-PDF special ignored!
Non-PDF special ignored!
Non-PDF special ignored!
Non-PDF special ignored!
Non-PDF special ignored!
Non-PDF special ignored!
Non-PDF special ignored!
Non-PDF special ignored!{psfonts.map}
Non-PDF special ignored!
Non-PDF special ignored!
Non-PDF special ignored!
Non-PDF special ignored!
Non-PDF special ignored!
Non-PDF special ignored!
Non-PDF special ignored!
Non-PDF special ignored!
Non-PDF special ignored!
Non-PDF special ignored!
Non-PDF special ignored!
Non-PDF special ignored!
Non-PDF special ignored!
Non-PDF special ignored!
Non-PDF special ignored!] (PolarTransform.bbl (PolarTransform.brf)
\tf@brf=\write6
)
LaTeX Font Info:    Font shape `OT1/phv/m/n' will be
(Font)              scaled to size 9.85492pt on input line 97.

Overfull \vbox (1.59999pt too high) has occurred while \output is active []


[2
Non-PDF special ignored!
Non-PDF special ignored!
Non-PDF special ignored!
Non-PDF special ignored!
Non-PDF special ignored!
Non-PDF special ignored!
Non-PDF special ignored!
Non-PDF special ignored!
Non-PDF special ignored!
Non-PDF special ignored!
Non-PDF special ignored!
Non-PDF special ignored!
Non-PDF special ignored!] (PolarTransform.aux) ) 
Here is how much of TeX's memory you used:
 6184 strings out of 95419
 79558 string characters out of 1187301
 149770 words of memory out of 1150910
 9059 multiletter control sequences out of 60000
 43406 words of font info for 88 fonts, out of 1000000 for 2000
 15 hyphenation exceptions out of 8191
 41i,12n,42p,475b,369s stack positions out of 5000i,500n,10000p,200000b,32768s
PDF statistics:
 40 PDF objects out of 300000
 0 named destinations out of 300000
 1 words of extra memory for PDF output out of 10000
<C:/Program Files/MiKTeX 2.5/fo
nts/type1/bluesky/cm/cmmi10.pfb><C:/Program Files/MiKTeX 2.5/fonts/type1/bluesk
y/cm/cmsy10.pfb><C:/Program Files/MiKTeX 2.5/fonts/type1/urw/symbol/usyr.pfb><C
:/Program Files/MiKTeX 2.5/fonts/type1/bluesky/cm/cmex10.pfb><C:/Program Files/
MiKTeX 2.5/fonts/type1/bluesky/cm/cmr10.pfb>{8r.enc}<C:/Program Files/MiKTeX 2.
5/fonts/type1/urw/times/utmri8a.pfb><C:/Program Files/MiKTeX 2.5/fonts/type1/ur
w/courier/ucrr8a.pfb><C:/Program Files/MiKTeX 2.5/fonts/type1/urw/times/utmb8a.
pfb><C:/Program Files/MiKTeX 2.5/fonts/type1/urw/times/utmr8a.pfb><C:/Program F
iles/MiKTeX 2.5/fonts/type1/urw/helvetic/uhvro8a.pfb><C:/Program Files/MiKTeX 2
.5/fonts/type1/urw/helvetic/uhvr8a.pfb>
Output written on PolarTransform.pdf (2 pages, 77644 bytes).
